2025-09-03T09:07:32.492+01:00  INFO 2624 --- [dimuapi] [restartedMain] com.dimu.dimuapi.DimuapiApplication      : Starting DimuapiApplication using Java 21.0.8 with PID 2624 (E:\DIMU-API\target\classes started by TAIWO in E:\DIMU-API)
2025-09-03T09:07:32.559+01:00  INFO 2624 --- [dimuapi] [restartedMain] com.dimu.dimuapi.DimuapiApplication      : No active profile set, falling back to 1 default profile: "default"
2025-09-03T09:07:32.799+01:00  INFO 2624 --- [dimuapi] [restartedMain] .e.DevToolsPropertyDefaultsPostProcessor : Devtools property defaults active! Set 'spring.devtools.add-properties' to 'false' to disable
2025-09-03T09:07:32.799+01:00  INFO 2624 --- [dimuapi] [restartedMain] .e.DevToolsPropertyDefaultsPostProcessor : For additional web related logging consider setting the 'logging.level.web' property to 'DEBUG'
2025-09-03T09:07:37.193+01:00  INFO 2624 --- [dimuapi] [restartedMain] .s.d.r.c.RepositoryConfigurationDelegate : Multiple Spring Data modules found, entering strict repository configuration mode
2025-09-03T09:07:37.193+01:00  INFO 2624 --- [dimuapi] [restartedMain] .s.d.r.c.RepositoryConfigurationDelegate : Bootstrapping Spring Data JPA repositories in DEFAULT mode.
2025-09-03T09:07:37.777+01:00  INFO 2624 --- [dimuapi] [restartedMain] .s.d.r.c.RepositoryConfigurationDelegate : Finished Spring Data repository scanning in 564 ms. Found 14 JPA repository interfaces.
2025-09-03T09:07:37.825+01:00  INFO 2624 --- [dimuapi] [restartedMain] .s.d.r.c.RepositoryConfigurationDelegate : Multiple Spring Data modules found, entering strict repository configuration mode
2025-09-03T09:07:37.825+01:00  INFO 2624 --- [dimuapi] [restartedMain] .s.d.r.c.RepositoryConfigurationDelegate : Bootstrapping Spring Data Redis repositories in DEFAULT mode.
2025-09-03T09:07:37.884+01:00  INFO 2624 --- [dimuapi] [restartedMain] .RepositoryConfigurationExtensionSupport : Spring Data Redis - Could not safely identify store assignment for repository candidate interface com.dimu.dimuapi.repository.AgreementRepository; If you want this repository to be a Redis repository, consider annotating your entities with one of these annotations: org.springframework.data.redis.core.RedisHash (preferred), or consider extending one of the following types with your repository: org.springframework.data.keyvalue.repository.KeyValueRepository
2025-09-03T09:07:37.884+01:00  INFO 2624 --- [dimuapi] [restartedMain] .RepositoryConfigurationExtensionSupport : Spring Data Redis - Could not safely identify store assignment for repository candidate interface com.dimu.dimuapi.repository.ChatMessageRepository; If you want this repository to be a Redis repository, consider annotating your entities with one of these annotations: org.springframework.data.redis.core.RedisHash (preferred), or consider extending one of the following types with your repository: org.springframework.data.keyvalue.repository.KeyValueRepository
2025-09-03T09:07:37.884+01:00  INFO 2624 --- [dimuapi] [restartedMain] .RepositoryConfigurationExtensionSupport : Spring Data Redis - Could not safely identify store assignment for repository candidate interface com.dimu.dimuapi.repository.ConversationParticipantsRepository; If you want this repository to be a Redis repository, consider annotating your entities with one of these annotations: org.springframework.data.redis.core.RedisHash (preferred), or consider extending one of the following types with your repository: org.springframework.data.keyvalue.repository.KeyValueRepository
2025-09-03T09:07:37.884+01:00  INFO 2624 --- [dimuapi] [restartedMain] .RepositoryConfigurationExtensionSupport : Spring Data Redis - Could not safely identify store assignment for repository candidate interface com.dimu.dimuapi.repository.ConversationRepository; If you want this repository to be a Redis repository, consider annotating your entities with one of these annotations: org.springframework.data.redis.core.RedisHash (preferred), or consider extending one of the following types with your repository: org.springframework.data.keyvalue.repository.KeyValueRepository
2025-09-03T09:07:37.884+01:00  INFO 2624 --- [dimuapi] [restartedMain] .RepositoryConfigurationExtensionSupport : Spring Data Redis - Could not safely identify store assignment for repository candidate interface com.dimu.dimuapi.repository.DiimuTokenRepository; If you want this repository to be a Redis repository, consider annotating your entities with one of these annotations: org.springframework.data.redis.core.RedisHash (preferred), or consider extending one of the following types with your repository: org.springframework.data.keyvalue.repository.KeyValueRepository
2025-09-03T09:07:37.900+01:00  INFO 2624 --- [dimuapi] [restartedMain] .RepositoryConfigurationExtensionSupport : Spring Data Redis - Could not safely identify store assignment for repository candidate interface com.dimu.dimuapi.repository.DisputeRepository; If you want this repository to be a Redis repository, consider annotating your entities with one of these annotations: org.springframework.data.redis.core.RedisHash (preferred), or consider extending one of the following types with your repository: org.springframework.data.keyvalue.repository.KeyValueRepository
2025-09-03T09:07:37.900+01:00  INFO 2624 --- [dimuapi] [restartedMain] .RepositoryConfigurationExtensionSupport : Spring Data Redis - Could not safely identify store assignment for repository candidate interface com.dimu.dimuapi.repository.EscrowAccountRepository; If you want this repository to be a Redis repository, consider annotating your entities with one of these annotations: org.springframework.data.redis.core.RedisHash (preferred), or consider extending one of the following types with your repository: org.springframework.data.keyvalue.repository.KeyValueRepository
2025-09-03T09:07:37.900+01:00  INFO 2624 --- [dimuapi] [restartedMain] .RepositoryConfigurationExtensionSupport : Spring Data Redis - Could not safely identify store assignment for repository candidate interface com.dimu.dimuapi.repository.GoodServicesRepository; If you want this repository to be a Redis repository, consider annotating your entities with one of these annotations: org.springframework.data.redis.core.RedisHash (preferred), or consider extending one of the following types with your repository: org.springframework.data.keyvalue.repository.KeyValueRepository
2025-09-03T09:07:37.900+01:00  INFO 2624 --- [dimuapi] [restartedMain] .RepositoryConfigurationExtensionSupport : Spring Data Redis - Could not safely identify store assignment for repository candidate interface com.dimu.dimuapi.repository.NotificationRepository; If you want this repository to be a Redis repository, consider annotating your entities with one of these annotations: org.springframework.data.redis.core.RedisHash (preferred), or consider extending one of the following types with your repository: org.springframework.data.keyvalue.repository.KeyValueRepository
2025-09-03T09:07:37.918+01:00  INFO 2624 --- [dimuapi] [restartedMain] .RepositoryConfigurationExtensionSupport : Spring Data Redis - Could not safely identify store assignment for repository candidate interface com.dimu.dimuapi.repository.RoleRepository; If you want this repository to be a Redis repository, consider annotating your entities with one of these annotations: org.springframework.data.redis.core.RedisHash (preferred), or consider extending one of the following types with your repository: org.springframework.data.keyvalue.repository.KeyValueRepository
2025-09-03T09:07:37.918+01:00  INFO 2624 --- [dimuapi] [restartedMain] .RepositoryConfigurationExtensionSupport : Spring Data Redis - Could not safely identify store assignment for repository candidate interface com.dimu.dimuapi.repository.TransactionRepository; If you want this repository to be a Redis repository, consider annotating your entities with one of these annotations: org.springframework.data.redis.core.RedisHash (preferred), or consider extending one of the following types with your repository: org.springframework.data.keyvalue.repository.KeyValueRepository
2025-09-03T09:07:37.918+01:00  INFO 2624 --- [dimuapi] [restartedMain] .RepositoryConfigurationExtensionSupport : Spring Data Redis - Could not safely identify store assignment for repository candidate interface com.dimu.dimuapi.repository.UserBankAccountInfoRepository; If you want this repository to be a Redis repository, consider annotating your entities with one of these annotations: org.springframework.data.redis.core.RedisHash (preferred), or consider extending one of the following types with your repository: org.springframework.data.keyvalue.repository.KeyValueRepository
2025-09-03T09:07:37.918+01:00  INFO 2624 --- [dimuapi] [restartedMain] .RepositoryConfigurationExtensionSupport : Spring Data Redis - Could not safely identify store assignment for repository candidate interface com.dimu.dimuapi.repository.UserRepository; If you want this repository to be a Redis repository, consider annotating your entities with one of these annotations: org.springframework.data.redis.core.RedisHash (preferred), or consider extending one of the following types with your repository: org.springframework.data.keyvalue.repository.KeyValueRepository
2025-09-03T09:07:37.918+01:00  INFO 2624 --- [dimuapi] [restartedMain] .RepositoryConfigurationExtensionSupport : Spring Data Redis - Could not safely identify store assignment for repository candidate interface com.dimu.dimuapi.repository.WalletRepository; If you want this repository to be a Redis repository, consider annotating your entities with one of these annotations: org.springframework.data.redis.core.RedisHash (preferred), or consider extending one of the following types with your repository: org.springframework.data.keyvalue.repository.KeyValueRepository
2025-09-03T09:07:37.918+01:00  INFO 2624 --- [dimuapi] [restartedMain] .s.d.r.c.RepositoryConfigurationDelegate : Finished Spring Data repository scanning in 64 ms. Found 0 Redis repository interfaces.
2025-09-03T09:07:40.772+01:00  INFO 2624 --- [dimuapi] [restartedMain] o.s.b.w.embedded.tomcat.TomcatWebServer  : Tomcat initialized with port 8080 (http)
2025-09-03T09:07:40.859+01:00  INFO 2624 --- [dimuapi] [restartedMain] o.apache.catalina.core.StandardService   : Starting service [Tomcat]
2025-09-03T09:07:40.859+01:00  INFO 2624 --- [dimuapi] [restartedMain] o.apache.catalina.core.StandardEngine    : Starting Servlet engine: [Apache Tomcat/10.1.31]
2025-09-03T09:07:41.031+01:00  INFO 2624 --- [dimuapi] [restartedMain] o.a.c.c.C.[Tomcat].[localhost].[/]       : Initializing Spring embedded WebApplicationContext
2025-09-03T09:07:41.046+01:00  INFO 2624 --- [dimuapi] [restartedMain] w.s.c.ServletWebServerApplicationContext : Root WebApplicationContext: initialization completed in 8247 ms
2025-09-03T09:07:41.661+01:00  INFO 2624 --- [dimuapi] [restartedMain] com.zaxxer.hikari.HikariDataSource       : HikariPool-1 - Starting...
2025-09-03T09:07:45.200+01:00  INFO 2624 --- [dimuapi] [restartedMain] com.zaxxer.hikari.pool.HikariPool        : HikariPool-1 - Added connection org.postgresql.jdbc.PgConnection@198f60d1
2025-09-03T09:07:45.200+01:00  INFO 2624 --- [dimuapi] [restartedMain] com.zaxxer.hikari.HikariDataSource       : HikariPool-1 - Start completed.
2025-09-03T09:07:45.635+01:00  INFO 2624 --- [dimuapi] [restartedMain] o.hibernate.jpa.internal.util.LogHelper  : HHH000204: Processing PersistenceUnitInfo [name: default]
2025-09-03T09:07:45.747+01:00  INFO 2624 --- [dimuapi] [restartedMain] org.hibernate.Version                    : HHH000412: Hibernate ORM core version 6.5.3.Final
2025-09-03T09:07:45.830+01:00  INFO 2624 --- [dimuapi] [restartedMain] o.h.c.internal.RegionFactoryInitiator    : HHH000026: Second-level cache disabled
2025-09-03T09:07:46.446+01:00  INFO 2624 --- [dimuapi] [restartedMain] o.s.o.j.p.SpringPersistenceUnitInfo      : No LoadTimeWeaver setup: ignoring JPA class transformer
2025-09-03T09:07:47.053+01:00  WARN 2624 --- [dimuapi] [restartedMain] org.hibernate.orm.deprecation            : HHH90000025: PostgreSQLDialect does not need to be specified explicitly using 'hibernate.dialect' (remove the property setting and it will be selected by default)
2025-09-03T09:07:50.333+01:00  INFO 2624 --- [dimuapi] [restartedMain] o.h.e.t.j.p.i.JtaPlatformInitiator       : HHH000489: No JTA platform available (set 'hibernate.transaction.jta.platform' to enable JTA platform integration)
2025-09-03T09:09:54.599+01:00  INFO 769 --- [dimuapi] [main] c.dimu.dimuapi.DimuapiApplicationTests   : Starting DimuapiApplicationTests using Java 21.0.8 with PID 769 (started by damolacodes in /mnt/e/DIMU-API)
2025-09-03T09:09:54.607+01:00  INFO 769 --- [dimuapi] [main] c.dimu.dimuapi.DimuapiApplicationTests   : No active profile set, falling back to 1 default profile: "default"
2025-09-03T09:10:09.123+01:00  INFO 769 --- [dimuapi] [main] .s.d.r.c.RepositoryConfigurationDelegate : Multiple Spring Data modules found, entering strict repository configuration mode
2025-09-03T09:10:09.140+01:00  INFO 769 --- [dimuapi] [main] .s.d.r.c.RepositoryConfigurationDelegate : Bootstrapping Spring Data JPA repositories in DEFAULT mode.
2025-09-03T09:10:12.285+01:00  INFO 769 --- [dimuapi] [main] .s.d.r.c.RepositoryConfigurationDelegate : Finished Spring Data repository scanning in 3100 ms. Found 14 JPA repository interfaces.
2025-09-03T09:10:12.387+01:00  INFO 769 --- [dimuapi] [main] .s.d.r.c.RepositoryConfigurationDelegate : Multiple Spring Data modules found, entering strict repository configuration mode
2025-09-03T09:10:12.396+01:00  INFO 769 --- [dimuapi] [main] .s.d.r.c.RepositoryConfigurationDelegate : Bootstrapping Spring Data Redis repositories in DEFAULT mode.
2025-09-03T09:10:12.794+01:00  INFO 769 --- [dimuapi] [main] .RepositoryConfigurationExtensionSupport : Spring Data Redis - Could not safely identify store assignment for repository candidate interface com.dimu.dimuapi.repository.AgreementRepository; If you want this repository to be a Redis repository, consider annotating your entities with one of these annotations: org.springframework.data.redis.core.RedisHash (preferred), or consider extending one of the following types with your repository: org.springframework.data.keyvalue.repository.KeyValueRepository
2025-09-03T09:10:12.796+01:00  INFO 769 --- [dimuapi] [main] .RepositoryConfigurationExtensionSupport : Spring Data Redis - Could not safely identify store assignment for repository candidate interface com.dimu.dimuapi.repository.ChatMessageRepository; If you want this repository to be a Redis repository, consider annotating your entities with one of these annotations: org.springframework.data.redis.core.RedisHash (preferred), or consider extending one of the following types with your repository: org.springframework.data.keyvalue.repository.KeyValueRepository
2025-09-03T09:10:12.797+01:00  INFO 769 --- [dimuapi] [main] .RepositoryConfigurationExtensionSupport : Spring Data Redis - Could not safely identify store assignment for repository candidate interface com.dimu.dimuapi.repository.ConversationParticipantsRepository; If you want this repository to be a Redis repository, consider annotating your entities with one of these annotations: org.springframework.data.redis.core.RedisHash (preferred), or consider extending one of the following types with your repository: org.springframework.data.keyvalue.repository.KeyValueRepository
2025-09-03T09:10:12.798+01:00  INFO 769 --- [dimuapi] [main] .RepositoryConfigurationExtensionSupport : Spring Data Redis - Could not safely identify store assignment for repository candidate interface com.dimu.dimuapi.repository.ConversationRepository; If you want this repository to be a Redis repository, consider annotating your entities with one of these annotations: org.springframework.data.redis.core.RedisHash (preferred), or consider extending one of the following types with your repository: org.springframework.data.keyvalue.repository.KeyValueRepository
2025-09-03T09:10:12.800+01:00  INFO 769 --- [dimuapi] [main] .RepositoryConfigurationExtensionSupport : Spring Data Redis - Could not safely identify store assignment for repository candidate interface com.dimu.dimuapi.repository.DiimuTokenRepository; If you want this repository to be a Redis repository, consider annotating your entities with one of these annotations: org.springframework.data.redis.core.RedisHash (preferred), or consider extending one of the following types with your repository: org.springframework.data.keyvalue.repository.KeyValueRepository
2025-09-03T09:10:12.802+01:00  INFO 769 --- [dimuapi] [main] .RepositoryConfigurationExtensionSupport : Spring Data Redis - Could not safely identify store assignment for repository candidate interface com.dimu.dimuapi.repository.DisputeRepository; If you want this repository to be a Redis repository, consider annotating your entities with one of these annotations: org.springframework.data.redis.core.RedisHash (preferred), or consider extending one of the following types with your repository: org.springframework.data.keyvalue.repository.KeyValueRepository
2025-09-03T09:10:12.803+01:00  INFO 769 --- [dimuapi] [main] .RepositoryConfigurationExtensionSupport : Spring Data Redis - Could not safely identify store assignment for repository candidate interface com.dimu.dimuapi.repository.EscrowAccountRepository; If you want this repository to be a Redis repository, consider annotating your entities with one of these annotations: org.springframework.data.redis.core.RedisHash (preferred), or consider extending one of the following types with your repository: org.springframework.data.keyvalue.repository.KeyValueRepository
2025-09-03T09:10:12.805+01:00  INFO 769 --- [dimuapi] [main] .RepositoryConfigurationExtensionSupport : Spring Data Redis - Could not safely identify store assignment for repository candidate interface com.dimu.dimuapi.repository.GoodServicesRepository; If you want this repository to be a Redis repository, consider annotating your entities with one of these annotations: org.springframework.data.redis.core.RedisHash (preferred), or consider extending one of the following types with your repository: org.springframework.data.keyvalue.repository.KeyValueRepository
2025-09-03T09:10:12.807+01:00  INFO 769 --- [dimuapi] [main] .RepositoryConfigurationExtensionSupport : Spring Data Redis - Could not safely identify store assignment for repository candidate interface com.dimu.dimuapi.repository.NotificationRepository; If you want this repository to be a Redis repository, consider annotating your entities with one of these annotations: org.springframework.data.redis.core.RedisHash (preferred), or consider extending one of the following types with your repository: org.springframework.data.keyvalue.repository.KeyValueRepository
2025-09-03T09:10:12.812+01:00  INFO 769 --- [dimuapi] [main] .RepositoryConfigurationExtensionSupport : Spring Data Redis - Could not safely identify store assignment for repository candidate interface com.dimu.dimuapi.repository.RoleRepository; If you want this repository to be a Redis repository, consider annotating your entities with one of these annotations: org.springframework.data.redis.core.RedisHash (preferred), or consider extending one of the following types with your repository: org.springframework.data.keyvalue.repository.KeyValueRepository
2025-09-03T09:10:12.813+01:00  INFO 769 --- [dimuapi] [main] .RepositoryConfigurationExtensionSupport : Spring Data Redis - Could not safely identify store assignment for repository candidate interface com.dimu.dimuapi.repository.TransactionRepository; If you want this repository to be a Redis repository, consider annotating your entities with one of these annotations: org.springframework.data.redis.core.RedisHash (preferred), or consider extending one of the following types with your repository: org.springframework.data.keyvalue.repository.KeyValueRepository
2025-09-03T09:10:12.814+01:00  INFO 769 --- [dimuapi] [main] .RepositoryConfigurationExtensionSupport : Spring Data Redis - Could not safely identify store assignment for repository candidate interface com.dimu.dimuapi.repository.UserBankAccountInfoRepository; If you want this repository to be a Redis repository, consider annotating your entities with one of these annotations: org.springframework.data.redis.core.RedisHash (preferred), or consider extending one of the following types with your repository: org.springframework.data.keyvalue.repository.KeyValueRepository
2025-09-03T09:10:12.816+01:00  INFO 769 --- [dimuapi] [main] .RepositoryConfigurationExtensionSupport : Spring Data Redis - Could not safely identify store assignment for repository candidate interface com.dimu.dimuapi.repository.UserRepository; If you want this repository to be a Redis repository, consider annotating your entities with one of these annotations: org.springframework.data.redis.core.RedisHash (preferred), or consider extending one of the following types with your repository: org.springframework.data.keyvalue.repository.KeyValueRepository
2025-09-03T09:10:12.818+01:00  INFO 769 --- [dimuapi] [main] .RepositoryConfigurationExtensionSupport : Spring Data Redis - Could not safely identify store assignment for repository candidate interface com.dimu.dimuapi.repository.WalletRepository; If you want this repository to be a Redis repository, consider annotating your entities with one of these annotations: org.springframework.data.redis.core.RedisHash (preferred), or consider extending one of the following types with your repository: org.springframework.data.keyvalue.repository.KeyValueRepository
2025-09-03T09:10:12.819+01:00  INFO 769 --- [dimuapi] [main] .s.d.r.c.RepositoryConfigurationDelegate : Finished Spring Data repository scanning in 356 ms. Found 0 Redis repository interfaces.
2025-09-03T09:10:17.004+01:00  INFO 769 --- [dimuapi] [main] com.zaxxer.hikari.HikariDataSource       : HikariPool-1 - Starting...
2025-09-03T09:10:20.644+01:00  INFO 769 --- [dimuapi] [main] com.zaxxer.hikari.pool.HikariPool        : HikariPool-1 - Added connection org.postgresql.jdbc.PgConnection@521c67f0
2025-09-03T09:10:20.667+01:00  INFO 769 --- [dimuapi] [main] com.zaxxer.hikari.HikariDataSource       : HikariPool-1 - Start completed.
2025-09-03T09:10:21.900+01:00  INFO 769 --- [dimuapi] [main] o.hibernate.jpa.internal.util.LogHelper  : HHH000204: Processing PersistenceUnitInfo [name: default]
2025-09-03T09:10:22.638+01:00  INFO 769 --- [dimuapi] [main] org.hibernate.Version                    : HHH000412: Hibernate ORM core version 6.5.3.Final
2025-09-03T09:10:22.981+01:00  INFO 769 --- [dimuapi] [main] o.h.c.internal.RegionFactoryInitiator    : HHH000026: Second-level cache disabled
2025-09-03T09:10:26.281+01:00  INFO 769 --- [dimuapi] [main] o.s.o.j.p.SpringPersistenceUnitInfo      : No LoadTimeWeaver setup: ignoring JPA class transformer
2025-09-03T09:10:27.297+01:00  WARN 769 --- [dimuapi] [main] org.hibernate.orm.deprecation            : HHH90000025: PostgreSQLDialect does not need to be specified explicitly using 'hibernate.dialect' (remove the property setting and it will be selected by default)
2025-09-03T09:10:38.405+01:00  INFO 769 --- [dimuapi] [main] o.h.e.t.j.p.i.JtaPlatformInitiator       : HHH000489: No JTA platform available (set 'hibernate.transaction.jta.platform' to enable JTA platform integration)
2025-09-03T09:10:55.769+01:00  INFO 769 --- [dimuapi] [main] j.LocalContainerEntityManagerFactoryBean : Initialized JPA EntityManagerFactory for persistence unit 'default'
2025-09-03T09:10:59.674+01:00  INFO 769 --- [dimuapi] [main] o.s.d.j.r.query.QueryEnhancerFactory     : Hibernate is in classpath; If applicable, HQL parser will be used.
2025-09-03T09:11:09.741+01:00  INFO 769 --- [dimuapi] [main] c.d.dimuapi.configuration.RedisConfig    : 127.0.0.1
2025-09-03T09:11:09.742+01:00  INFO 769 --- [dimuapi] [main] c.d.dimuapi.configuration.RedisConfig    : 
2025-09-03T09:11:09.744+01:00  INFO 769 --- [dimuapi] [main] c.d.dimuapi.configuration.RedisConfig    : 6379
2025-09-03T09:11:13.493+01:00  WARN 769 --- [dimuapi] [main] JpaBaseConfiguration$JpaWebConfiguration : spring.jpa.open-in-view is enabled by default. Therefore, database queries may be performed during view rendering. Explicitly configure spring.jpa.open-in-view to disable this warning
2025-09-03T09:11:13.720+01:00 TRACE 769 --- [dimuapi] [main] eGlobalAuthenticationAutowiredConfigurer : Eagerly initializing {dimuapiApplication=com.dimu.dimuapi.DimuapiApplication$$SpringCGLIB$$0@32a7c583}
2025-09-03T09:11:13.743+01:00  INFO 769 --- [dimuapi] [main] eAuthenticationProviderManagerConfigurer : Global AuthenticationManager configured with AuthenticationProvider bean with name diimuAuthenticationProvider
2025-09-03T09:11:13.747+01:00  WARN 769 --- [dimuapi] [main] r$InitializeUserDetailsManagerConfigurer : Global AuthenticationManager configured with an AuthenticationProvider bean. UserDetailsService beans will not be used for username/password login. Consider removing the AuthenticationProvider bean. Alternatively, consider using the UserDetailsService in a manually instantiated DaoAuthenticationProvider.
2025-09-03T09:11:14.807+01:00 DEBUG 769 --- [dimuapi] [main] o.s.w.s.s.s.WebSocketHandlerMapping      : Patterns [/ws/**] in 'stompWebSocketHandlerMapping'
2025-09-03T09:11:17.137+01:00  INFO 769 --- [dimuapi] [main] o.s.b.a.e.web.EndpointLinksResolver      : Exposing 1 endpoint beneath base path '/actuator'
2025-09-03T09:11:17.948+01:00 DEBUG 769 --- [dimuapi] [main] o.s.s.web.DefaultSecurityFilterChain     : Will secure any request with filters: DisableEncodeUrlFilter, WebAsyncManagerIntegrationFilter, SecurityContextHolderFilter, HeaderWriterFilter, LogoutFilter, RequestCacheAwareFilter, SecurityContextHolderAwareRequestFilter, JwtValidationFilter, AnonymousAuthenticationFilter, SessionManagementFilter, ExceptionTranslationFilter, AuthorizationFilter
2025-09-03T09:11:18.361+01:00 DEBUG 769 --- [dimuapi] [main] .WebSocketAnnotationMethodMessageHandler : 
	c.d.d.c.AgreementController:
	
2025-09-03T09:11:18.362+01:00 DEBUG 769 --- [dimuapi] [main] .WebSocketAnnotationMethodMessageHandler : 
	c.d.d.c.AuthController:
	
2025-09-03T09:11:18.384+01:00 DEBUG 769 --- [dimuapi] [main] .WebSocketAnnotationMethodMessageHandler : 
	c.d.d.c.ChatController:
	{[MESSAGE],[/chat.sendMessage]}: sendMessage(MessageDto)
	{[MESSAGE],[/chat.readMessage]}: readMessage(SeenDto)
	{[MESSAGE],[/chat.changeMessageStatus]}: changeMessageStatus(MessageStatusDto)
2025-09-03T09:11:18.385+01:00 DEBUG 769 --- [dimuapi] [main] .WebSocketAnnotationMethodMessageHandler : 
	c.d.d.c.ConversationController:
	
2025-09-03T09:11:18.386+01:00 DEBUG 769 --- [dimuapi] [main] .WebSocketAnnotationMethodMessageHandler : 
	c.d.d.c.DiimuTokenController:
	
2025-09-03T09:11:18.387+01:00 DEBUG 769 --- [dimuapi] [main] .WebSocketAnnotationMethodMessageHandler : 
	c.d.d.c.DisputeController:
	
2025-09-03T09:11:18.387+01:00 DEBUG 769 --- [dimuapi] [main] .WebSocketAnnotationMethodMessageHandler : 
	c.d.d.c.GoodServicesController:
	
2025-09-03T09:11:18.388+01:00 DEBUG 769 --- [dimuapi] [main] .WebSocketAnnotationMethodMessageHandler : 
	c.d.d.c.NotificationController:
	{[MESSAGE],[/markNotificationsAsRead]}: markNotificationsAsRead(List)
2025-09-03T09:11:18.389+01:00 DEBUG 769 --- [dimuapi] [main] .WebSocketAnnotationMethodMessageHandler : 
	c.d.d.c.PasswordController:
	
2025-09-03T09:11:18.389+01:00 DEBUG 769 --- [dimuapi] [main] .WebSocketAnnotationMethodMessageHandler : 
	c.d.d.c.PaystackController:
	
2025-09-03T09:11:18.390+01:00 DEBUG 769 --- [dimuapi] [main] .WebSocketAnnotationMethodMessageHandler : 
	c.d.d.c.SecurePinController:
	
2025-09-03T09:11:18.390+01:00 DEBUG 769 --- [dimuapi] [main] .WebSocketAnnotationMethodMessageHandler : 
	c.d.d.c.UserController:
	
2025-09-03T09:11:18.391+01:00 DEBUG 769 --- [dimuapi] [main] .WebSocketAnnotationMethodMessageHandler : 
	c.d.d.c.WalletController:
	
2025-09-03T09:11:18.393+01:00 DEBUG 769 --- [dimuapi] [main] .WebSocketAnnotationMethodMessageHandler : 
	o.s.b.a.w.s.e.BasicErrorController:
	
2025-09-03T09:11:18.394+01:00 DEBUG 769 --- [dimuapi] [main] .WebSocketAnnotationMethodMessageHandler : 
	o.s.w.a.OpenApiWebMvcResource:
	
2025-09-03T09:11:18.396+01:00 DEBUG 769 --- [dimuapi] [main] .WebSocketAnnotationMethodMessageHandler : 
	o.s.w.u.SwaggerWelcomeWebMvc:
	
2025-09-03T09:11:18.397+01:00 DEBUG 769 --- [dimuapi] [main] .WebSocketAnnotationMethodMessageHandler : 
	o.s.w.u.SwaggerConfigResource:
	
2025-09-03T09:11:18.603+01:00  WARN 769 --- [dimuapi] [main] o.s.s.c.a.web.builders.WebSecurity       : 

********************************************************************
**********        Security debugging is enabled.       *************
**********    This may include sensitive information.  *************
**********      Do not use in a production system!     *************
********************************************************************


2025-09-03T09:11:22.648+01:00 DEBUG 769 --- [dimuapi] [main] o.s.m.s.ExecutorSubscribableChannel      : clientOutboundChannel added SubProtocolWebSocketHandler[StompSubProtocolHandler[v10.stomp, v11.stomp, v12.stomp]]
2025-09-03T09:11:22.650+01:00 DEBUG 769 --- [dimuapi] [main] o.s.m.s.ExecutorSubscribableChannel      : clientInboundChannel added WebSocketAnnotationMethodMessageHandler[prefixes=[/app/]]
2025-09-03T09:11:22.652+01:00  INFO 769 --- [dimuapi] [main] o.s.m.s.b.SimpleBrokerMessageHandler     : Starting...
2025-09-03T09:11:22.653+01:00 DEBUG 769 --- [dimuapi] [main] o.s.m.s.ExecutorSubscribableChannel      : clientInboundChannel added SimpleBrokerMessageHandler [org.springframework.messaging.simp.broker.DefaultSubscriptionRegistry@38b2ab01]
2025-09-03T09:11:22.654+01:00 DEBUG 769 --- [dimuapi] [main] o.s.m.s.ExecutorSubscribableChannel      : brokerChannel added SimpleBrokerMessageHandler [org.springframework.messaging.simp.broker.DefaultSubscriptionRegistry@38b2ab01]
2025-09-03T09:11:22.655+01:00  INFO 769 --- [dimuapi] [main] o.s.m.s.b.SimpleBrokerMessageHandler     : BrokerAvailabilityEvent[available=true, SimpleBrokerMessageHandler [org.springframework.messaging.simp.broker.DefaultSubscriptionRegistry@38b2ab01]]
2025-09-03T09:11:22.661+01:00  INFO 769 --- [dimuapi] [main] o.s.m.s.b.SimpleBrokerMessageHandler     : Started.
2025-09-03T09:11:22.662+01:00 DEBUG 769 --- [dimuapi] [main] o.s.m.s.ExecutorSubscribableChannel      : clientInboundChannel added UserDestinationMessageHandler[DefaultUserDestinationResolver[prefix=/user/]]
2025-09-03T09:11:22.663+01:00 DEBUG 769 --- [dimuapi] [main] o.s.m.s.ExecutorSubscribableChannel      : brokerChannel added UserDestinationMessageHandler[DefaultUserDestinationResolver[prefix=/user/]]
2025-09-03T09:11:22.712+01:00  INFO 769 --- [dimuapi] [main] c.dimu.dimuapi.DimuapiApplicationTests   : Started DimuapiApplicationTests in 90.92 seconds (process running for 96.744)
2025-09-03T09:11:23.275+01:00  WARN 769 --- [dimuapi] [ForkJoinPool.commonPool-worker-1] com.dimu.dimuapi.util.KeepAliveTask      : Keep-alive ping failed: null
2025-09-03T09:11:23.279+01:00 ERROR 769 --- [dimuapi] [ForkJoinPool.commonPool-worker-1] reactor.core.publisher.Operators         : Operator called default onErrorDropped

reactor.core.Exceptions$ErrorCallbackNotImplemented: org.springframework.web.reactive.function.client.WebClientRequestException
Caused by: org.springframework.web.reactive.function.client.WebClientRequestException: null
	at org.springframework.web.reactive.function.client.ExchangeFunctions$DefaultExchangeFunction.lambda$wrapException$9(ExchangeFunctions.java:136) ~[spring-webflux-6.1.14.jar:6.1.14]
	Suppressed: reactor.core.publisher.FluxOnAssembly$OnAssemblyException: 
Error has been observed at the following site(s):
	*__checkpoint ⇢ Request to GET http://localhost:8080/actuator/health [DefaultWebClient]
Original Stack Trace:
		at org.springframework.web.reactive.function.client.ExchangeFunctions$DefaultExchangeFunction.lambda$wrapException$9(ExchangeFunctions.java:136) ~[spring-webflux-6.1.14.jar:6.1.14]
		at reactor.core.publisher.MonoErrorSupplied.subscribe(MonoErrorSupplied.java:55) ~[reactor-core-3.6.11.jar:3.6.11]
		at reactor.core.publisher.Mono.subscribe(Mono.java:4576) ~[reactor-core-3.6.11.jar:3.6.11]
		at reactor.core.publisher.FluxOnErrorResume$ResumeSubscriber.onError(FluxOnErrorResume.java:103) ~[reactor-core-3.6.11.jar:3.6.11]
		at reactor.core.publisher.FluxPeek$PeekSubscriber.onError(FluxPeek.java:222) ~[reactor-core-3.6.11.jar:3.6.11]
		at reactor.core.publisher.FluxPeek$PeekSubscriber.onError(FluxPeek.java:222) ~[reactor-core-3.6.11.jar:3.6.11]
		at reactor.core.publisher.MonoIgnoreThen$ThenIgnoreMain.onError(MonoIgnoreThen.java:280) ~[reactor-core-3.6.11.jar:3.6.11]
		at reactor.core.publisher.FluxMap$MapSubscriber.onError(FluxMap.java:134) ~[reactor-core-3.6.11.jar:3.6.11]
		at reactor.core.publisher.MonoCompletionStage$MonoCompletionStageSubscription.apply(MonoCompletionStage.java:115) ~[reactor-core-3.6.11.jar:3.6.11]
		at reactor.core.publisher.MonoCompletionStage$MonoCompletionStageSubscription.apply(MonoCompletionStage.java:67) ~[reactor-core-3.6.11.jar:3.6.11]
		at java.base/java.util.concurrent.CompletableFuture.uniHandle(CompletableFuture.java:934) ~[na:na]
		at java.base/java.util.concurrent.CompletableFuture$UniHandle.tryFire(CompletableFuture.java:911) ~[na:na]
		at java.base/java.util.concurrent.CompletableFuture.postComplete(CompletableFuture.java:510) ~[na:na]
		at java.base/java.util.concurrent.CompletableFuture.postFire(CompletableFuture.java:614) ~[na:na]
		at java.base/java.util.concurrent.CompletableFuture$UniWhenComplete.tryFire(CompletableFuture.java:844) ~[na:na]
		at java.base/java.util.concurrent.CompletableFuture$Completion.exec(CompletableFuture.java:483) ~[na:na]
		at java.base/java.util.concurrent.ForkJoinTask.doExec(ForkJoinTask.java:387) ~[na:na]
		at java.base/java.util.concurrent.ForkJoinPool$WorkQueue.topLevelExec(ForkJoinPool.java:1312) ~[na:na]
		at java.base/java.util.concurrent.ForkJoinPool.scan(ForkJoinPool.java:1843) ~[na:na]
		at java.base/java.util.concurrent.ForkJoinPool.runWorker(ForkJoinPool.java:1808) ~[na:na]
		at java.base/java.util.concurrent.ForkJoinWorkerThread.run(ForkJoinWorkerThread.java:188) ~[na:na]
Caused by: java.net.ConnectException: null
	at java.net.http/jdk.internal.net.http.common.Utils.toConnectException(Utils.java:1065) ~[java.net.http:na]
	at java.net.http/jdk.internal.net.http.PlainHttpConnection.connectAsync(PlainHttpConnection.java:227) ~[java.net.http:na]
	at java.net.http/jdk.internal.net.http.PlainHttpConnection.checkRetryConnect(PlainHttpConnection.java:280) ~[java.net.http:na]
	at java.net.http/jdk.internal.net.http.PlainHttpConnection.lambda$connectAsync$2(PlainHttpConnection.java:238) ~[java.net.http:na]
	at java.base/java.util.concurrent.CompletableFuture.uniHandle(CompletableFuture.java:934) ~[na:na]
	at java.base/java.util.concurrent.CompletableFuture$UniHandle.tryFire(CompletableFuture.java:911) ~[na:na]
	at java.base/java.util.concurrent.CompletableFuture.postComplete(CompletableFuture.java:510) ~[na:na]
	at java.base/java.util.concurrent.CompletableFuture$AsyncSupply.run(CompletableFuture.java:1773) ~[na:na]
	at java.base/java.util.concurrent.ThreadPoolExecutor.runWorker(ThreadPoolExecutor.java:1144) ~[na:na]
	at java.base/java.util.concurrent.ThreadPoolExecutor$Worker.run(ThreadPoolExecutor.java:642) ~[na:na]
	at java.base/java.lang.Thread.run(Thread.java:1583) ~[na:na]
Caused by: java.nio.channels.ClosedChannelException: null
	at java.base/sun.nio.ch.SocketChannelImpl.ensureOpen(SocketChannelImpl.java:202) ~[na:na]
	at java.base/sun.nio.ch.SocketChannelImpl.beginConnect(SocketChannelImpl.java:786) ~[na:na]
	at java.base/sun.nio.ch.SocketChannelImpl.connect(SocketChannelImpl.java:874) ~[na:na]
	at java.net.http/jdk.internal.net.http.PlainHttpConnection.lambda$connectAsync$1(PlainHttpConnection.java:210) ~[java.net.http:na]
	at java.base/java.security.AccessController.doPrivileged(AccessController.java:571) ~[na:na]
	at java.net.http/jdk.internal.net.http.PlainHttpConnection.connectAsync(PlainHttpConnection.java:212) ~[java.net.http:na]
	... 9 common frames omitted

2025-09-03T09:11:25.680+01:00 DEBUG 769 --- [dimuapi] [SpringApplicationShutdownHook] o.s.m.s.ExecutorSubscribableChannel      : clientOutboundChannel removed SubProtocolWebSocketHandler[StompSubProtocolHandler[v10.stomp, v11.stomp, v12.stomp]]
2025-09-03T09:11:25.681+01:00 DEBUG 769 --- [dimuapi] [SpringApplicationShutdownHook] o.s.m.s.ExecutorSubscribableChannel      : clientInboundChannel removed WebSocketAnnotationMethodMessageHandler[prefixes=[/app/]]
2025-09-03T09:11:25.685+01:00  INFO 769 --- [dimuapi] [SpringApplicationShutdownHook] o.s.m.s.b.SimpleBrokerMessageHandler     : Stopping...
2025-09-03T09:11:25.686+01:00  INFO 769 --- [dimuapi] [SpringApplicationShutdownHook] o.s.m.s.b.SimpleBrokerMessageHandler     : BrokerAvailabilityEvent[available=false, SimpleBrokerMessageHandler [org.springframework.messaging.simp.broker.DefaultSubscriptionRegistry@38b2ab01]]
2025-09-03T09:11:25.687+01:00 DEBUG 769 --- [dimuapi] [SpringApplicationShutdownHook] o.s.m.s.ExecutorSubscribableChannel      : clientInboundChannel removed SimpleBrokerMessageHandler [org.springframework.messaging.simp.broker.DefaultSubscriptionRegistry@38b2ab01]
2025-09-03T09:11:25.688+01:00 DEBUG 769 --- [dimuapi] [SpringApplicationShutdownHook] o.s.m.s.ExecutorSubscribableChannel      : brokerChannel removed SimpleBrokerMessageHandler [org.springframework.messaging.simp.broker.DefaultSubscriptionRegistry@38b2ab01]
2025-09-03T09:11:25.689+01:00  INFO 769 --- [dimuapi] [SpringApplicationShutdownHook] o.s.m.s.b.SimpleBrokerMessageHandler     : Stopped.
2025-09-03T09:11:25.690+01:00 DEBUG 769 --- [dimuapi] [SpringApplicationShutdownHook] o.s.m.s.ExecutorSubscribableChannel      : clientInboundChannel removed UserDestinationMessageHandler[DefaultUserDestinationResolver[prefix=/user/]]
2025-09-03T09:11:25.691+01:00 DEBUG 769 --- [dimuapi] [SpringApplicationShutdownHook] o.s.m.s.ExecutorSubscribableChannel      : brokerChannel removed UserDestinationMessageHandler[DefaultUserDestinationResolver[prefix=/user/]]
2025-09-03T09:11:25.900+01:00  INFO 769 --- [dimuapi] [SpringApplicationShutdownHook] j.LocalContainerEntityManagerFactoryBean : Closing JPA EntityManagerFactory for persistence unit 'default'
2025-09-03T09:11:25.906+01:00  INFO 769 --- [dimuapi] [SpringApplicationShutdownHook] com.zaxxer.hikari.HikariDataSource       : HikariPool-1 - Shutdown initiated...
2025-09-03T09:11:28.367+01:00  INFO 769 --- [dimuapi] [SpringApplicationShutdownHook] com.zaxxer.hikari.HikariDataSource       : HikariPool-1 - Shutdown completed.
